{
  "0 debug pnpm:scope": {
    "selected": 1,
    "workspacePrefix": "/Users/jamesmurdockgraham/Desktop/projects/glyphx/dev/monorepo"
  },
  "1 error pnpm": {
    "code": "ELIFECYCLE",
    "errno": "ENOENT",
    "syscall": "spawn",
    "file": "sh",
    "pkgid": "@glyphx/types@0.0.0",
    "stage": "build",
    "script": "tsup",
    "pkgname": "@glyphx/types",
    "err": {
      "name": "pnpm",
      "message": "@glyphx/types@0.0.0 build: `tsup`\nspawn ENOENT",
      "code": "ELIFECYCLE",
      "stack": "pnpm: @glyphx/types@0.0.0 build: `tsup`\nspawn ENOENT\n    at ChildProcess.<anonymous> (/Users/jamesmurdockgraham/Library/pnpm/global/5/.pnpm/pnpm@7.5.0/node_modules/pnpm/dist/pnpm.cjs:95169:22)\n    at ChildProcess.emit (node:events:527:28)\n    at maybeClose (node:internal/child_process:1092:16)\n    at Process.ChildProcess._handle.onexit (node:internal/child_process:302:5)"
    }
  },
  "2 warn pnpm:global": " Local package.json exists, but node_modules missing, did you mean to install?"
}