{
  "0 debug pnpm:scope": {
    "selected": 1,
    "workspacePrefix": "/Users/jamesmurdockgraham/Desktop/projects/glyphx/dev/monorepo"
  },
  "1 error pnpm": {
    "code": "ELIFECYCLE",
    "errno": "ENOENT",
    "syscall": "spawn",
    "file": "sh",
    "pkgid": "@glyphx/monorepo@",
    "stage": "dev",
    "script": "dotenv -- turbo dev",
    "pkgname": "@glyphx/monorepo",
    "err": {
      "name": "pnpm",
      "message": "@glyphx/monorepo@ dev: `dotenv -- turbo dev`\nspawn ENOENT",
      "code": "ELIFECYCLE",
      "stack": "pnpm: @glyphx/monorepo@ dev: `dotenv -- turbo dev`\nspawn ENOENT\n    at ChildProcess.<anonymous> (/Users/jamesmurdockgraham/Library/pnpm/global/5/.pnpm/pnpm@7.5.0/node_modules/pnpm/dist/pnpm.cjs:95169:22)\n    at ChildProcess.emit (node:events:513:28)\n    at maybeClose (node:internal/child_process:1091:16)\n    at ChildProcess._handle.onexit (node:internal/child_process:302:5)"
    }
  },
  "2 warn pnpm:global": " Local package.json exists, but node_modules missing, did you mean to install?"
}